<?xml version="1.0" encoding="UTF-8"?>
<!-- Generated by org.testng.reporters.JUnitXMLReporter -->
<testsuite ignored="0" hostname="DESKTOP-E8V1RM9" failures="3" tests="7" name="delAll" time="20.444" errors="0" timestamp="2021-02-21T14:57:00 ICT">
  <testcase classname="test.TestNG.TestNG_Cart" name="launchWebsite" time="1.135"/>
  <testcase classname="test.TestNG.TestNG_Cart" name="fillToLogin" time="1.223"/>
  <testcase classname="test.TestNG.TestNG_Cart" name="doLogin" time="2.157"/>
  <testcase classname="test.TestNG.TestNG_Cart" name="clickToCollections" time="1.244"/>
  <testcase classname="test.TestNG.TestNG_Cart" name="testBuyNow" time="5.037">
    <failure type="java.lang.AssertionError">
      <![CDATA[java.lang.AssertionError: 
at test.TestNG.TestNG_Cart.testBuyNow(TestNG_Cart.java:132)
at java.base/java.util.ArrayList.forEach(ArrayList.java:1511)
at java.base/java.util.concurrent.FutureTask.run(FutureTask.java:264)
at java.base/java.util.concurrent.ThreadPoolExecutor.runWorker(ThreadPoolExecutor.java:1130)
at java.base/java.util.concurrent.ThreadPoolExecutor$Worker.run(ThreadPoolExecutor.java:630)
at java.base/java.lang.Thread.run(Thread.java:832)
... Removed 21 stack frames]]>
    </failure>
  </testcase> <!-- testBuyNow -->
  <testcase classname="test.TestNG.TestNG_Cart" name="clickToChange" time="5.02">
    <failure type="java.lang.AssertionError">
      <![CDATA[java.lang.AssertionError: 
at test.TestNG.TestNG_Cart.clickToChange(TestNG_Cart.java:174)
at java.base/java.util.ArrayList.forEach(ArrayList.java:1511)
at java.base/java.util.concurrent.FutureTask.run(FutureTask.java:264)
at java.base/java.util.concurrent.ThreadPoolExecutor.runWorker(ThreadPoolExecutor.java:1130)
at java.base/java.util.concurrent.ThreadPoolExecutor$Worker.run(ThreadPoolExecutor.java:630)
at java.base/java.lang.Thread.run(Thread.java:832)
... Removed 21 stack frames]]>
    </failure>
  </testcase> <!-- clickToChange -->
  <testcase classname="test.TestNG.TestNG_Cart" name="clickToCart" time="2.701">
    <failure type="java.lang.AssertionError">
      <![CDATA[java.lang.AssertionError: 
at test.TestNG.TestNG_Cart.clickToCart(TestNG_Cart.java:187)
at java.base/java.util.ArrayList.forEach(ArrayList.java:1511)
at java.base/java.util.concurrent.FutureTask.run(FutureTask.java:264)
at java.base/java.util.concurrent.ThreadPoolExecutor.runWorker(ThreadPoolExecutor.java:1130)
at java.base/java.util.concurrent.ThreadPoolExecutor$Worker.run(ThreadPoolExecutor.java:630)
at java.base/java.lang.Thread.run(Thread.java:832)
... Removed 21 stack frames]]>
    </failure>
  </testcase> <!-- clickToCart -->
</testsuite> <!-- delAll -->
